TN:
SF:src/accessors.ts
FN:13,createDefaultContext
FN:24,getContext
FN:34,hasContext
FN:42,assertContext
FN:58,getContextField
FNF:5
FNH:5
FNDA:2,createDefaultContext
FNDA:19,getContext
FNDA:3,hasContext
FNDA:2,assertContext
FNDA:2,getContextField
DA:7,1
DA:8,1
DA:13,1
DA:14,2
DA:15,2
DA:16,2
DA:24,1
DA:25,19
DA:26,19
DA:27,19
DA:28,19
DA:29,19
DA:34,1
DA:35,3
DA:36,3
DA:42,1
DA:43,2
DA:44,2
DA:45,1
DA:46,1
DA:47,1
DA:48,1
DA:49,1
DA:50,1
DA:58,1
DA:59,2
DA:60,2
DA:61,2
DA:62,2
DA:63,2
LF:30
LH:30
BRDA:13,0,0,2
BRDA:24,1,0,19
BRDA:28,2,0,6
BRDA:28,3,0,2
BRDA:28,4,0,4
BRDA:34,5,0,3
BRDA:42,6,0,2
BRDA:44,7,0,1
BRDA:44,8,0,1
BRDA:44,9,0,1
BRDA:58,10,0,2
BRDA:62,11,0,1
BRF:12
BRH:12
end_of_record
TN:
SF:src/headers.ts
FN:26,extractContextFromHeaders
FN:54,updateContextFromHeaders
FNF:2
FNH:2
FNDA:5,extractContextFromHeaders
FNDA:1,updateContextFromHeaders
DA:7,1
DA:8,1
DA:9,1
DA:14,1
DA:15,1
DA:16,1
DA:17,1
DA:18,1
DA:19,1
DA:20,1
DA:26,1
DA:27,5
DA:28,5
DA:29,5
DA:31,5
DA:33,5
DA:34,25
DA:35,25
DA:36,25
DA:37,25
DA:38,8
DA:39,8
DA:40,25
DA:42,5
DA:43,5
DA:44,5
DA:45,5
DA:46,5
DA:47,5
DA:48,5
DA:49,5
DA:54,1
DA:55,1
DA:56,1
DA:57,1
DA:58,1
DA:59,1
LF:37
LH:37
BRDA:26,0,0,5
BRDA:33,1,0,25
BRDA:37,2,0,8
BRDA:45,3,0,3
BRDA:45,4,0,1
BRDA:47,5,0,3
BRDA:47,6,0,1
BRDA:54,7,0,1
BRF:8
BRH:8
end_of_record
TN:
SF:src/internal.ts
FN:15,setContext
FNF:1
FNH:1
FNDA:6,setContext
DA:7,1
DA:15,1
DA:16,6
DA:17,6
LF:4
LH:4
BRDA:15,0,0,6
BRF:1
BRH:1
end_of_record
TN:
SF:src/lifecycle.ts
FN:13,createDefaultContext
FN:21,runWithContext
FN:28,initWithDefaultContext
FN:36,bind
FNF:4
FNH:4
FNDA:2,createDefaultContext
FNDA:16,runWithContext
FNDA:1,initWithDefaultContext
FNDA:4,bind
DA:7,1
DA:8,1
DA:13,1
DA:14,2
DA:15,2
DA:16,2
DA:21,1
DA:22,16
DA:23,16
DA:28,1
DA:29,1
DA:30,1
DA:36,1
DA:37,4
DA:38,4
DA:39,4
DA:40,4
DA:41,4
DA:42,2
DA:43,4
DA:44,4
LF:21
LH:21
BRDA:13,0,0,2
BRDA:21,1,0,16
BRDA:28,2,0,1
BRDA:36,3,0,4
BRDA:40,4,0,4
BRDA:41,5,0,2
BRDA:42,6,0,2
BRF:7
BRH:7
end_of_record
TN:
SF:src/storage.ts
FNF:0
FNH:0
DA:6,1
DA:9,1
LF:2
LH:2
BRF:0
BRH:0
end_of_record
